load python3 3.8.5 for Deep Learning environment (with numpy 1.19.4, Keras 2.4.3, scikit-learn 0.23.2 tensorflow 2.3.1, torch 1.6.0, more details: pip list)
2021-05-03 20:37:02.583002: I tensorflow/stream_executor/platform/default/dso_loader.cc:48] Successfully opened dynamic library libcudart.so.10.1
2021-05-03 20:37:07.233390: I tensorflow/stream_executor/platform/default/dso_loader.cc:48] Successfully opened dynamic library libcuda.so.1
2021-05-03 20:37:07.266547: I tensorflow/core/common_runtime/gpu/gpu_device.cc:1716] Found device 0 with properties: 
pciBusID: 0000:3b:00.0 name: Tesla T4 computeCapability: 7.5
coreClock: 1.59GHz coreCount: 40 deviceMemorySize: 14.75GiB deviceMemoryBandwidth: 298.08GiB/s
2021-05-03 20:37:07.266605: I tensorflow/stream_executor/platform/default/dso_loader.cc:48] Successfully opened dynamic library libcudart.so.10.1
2021-05-03 20:37:07.271936: I tensorflow/stream_executor/platform/default/dso_loader.cc:48] Successfully opened dynamic library libcublas.so.10
2021-05-03 20:37:07.277206: I tensorflow/stream_executor/platform/default/dso_loader.cc:48] Successfully opened dynamic library libcufft.so.10
2021-05-03 20:37:07.278433: I tensorflow/stream_executor/platform/default/dso_loader.cc:48] Successfully opened dynamic library libcurand.so.10
2021-05-03 20:37:07.281798: I tensorflow/stream_executor/platform/default/dso_loader.cc:48] Successfully opened dynamic library libcusolver.so.10
2021-05-03 20:37:07.284984: I tensorflow/stream_executor/platform/default/dso_loader.cc:48] Successfully opened dynamic library libcusparse.so.10
2021-05-03 20:37:07.296532: I tensorflow/stream_executor/platform/default/dso_loader.cc:48] Successfully opened dynamic library libcudnn.so.7
2021-05-03 20:37:07.302530: I tensorflow/core/common_runtime/gpu/gpu_device.cc:1858] Adding visible gpu devices: 0
2021-05-03 20:37:07.302925: I tensorflow/core/platform/cpu_feature_guard.cc:142] This TensorFlow binary is optimized with oneAPI Deep Neural Network Library (oneDNN)to use the following CPU instructions in performance-critical operations:  AVX2 AVX512F FMA
To enable them in other operations, rebuild TensorFlow with the appropriate compiler flags.
2021-05-03 20:37:07.314599: I tensorflow/core/platform/profile_utils/cpu_utils.cc:104] CPU Frequency: 2200000000 Hz
2021-05-03 20:37:07.315864: I tensorflow/compiler/xla/service/service.cc:168] XLA service 0x559126775ec0 initialized for platform Host (this does not guarantee that XLA will be used). Devices:
2021-05-03 20:37:07.315886: I tensorflow/compiler/xla/service/service.cc:176]   StreamExecutor device (0): Host, Default Version
2021-05-03 20:37:07.434265: I tensorflow/compiler/xla/service/service.cc:168] XLA service 0x559126778ab0 initialized for platform CUDA (this does not guarantee that XLA will be used). Devices:
2021-05-03 20:37:07.434328: I tensorflow/compiler/xla/service/service.cc:176]   StreamExecutor device (0): Tesla T4, Compute Capability 7.5
2021-05-03 20:37:07.437332: I tensorflow/core/common_runtime/gpu/gpu_device.cc:1716] Found device 0 with properties: 
pciBusID: 0000:3b:00.0 name: Tesla T4 computeCapability: 7.5
coreClock: 1.59GHz coreCount: 40 deviceMemorySize: 14.75GiB deviceMemoryBandwidth: 298.08GiB/s
2021-05-03 20:37:07.437402: I tensorflow/stream_executor/platform/default/dso_loader.cc:48] Successfully opened dynamic library libcudart.so.10.1
2021-05-03 20:37:07.437465: I tensorflow/stream_executor/platform/default/dso_loader.cc:48] Successfully opened dynamic library libcublas.so.10
2021-05-03 20:37:07.437499: I tensorflow/stream_executor/platform/default/dso_loader.cc:48] Successfully opened dynamic library libcufft.so.10
2021-05-03 20:37:07.437530: I tensorflow/stream_executor/platform/default/dso_loader.cc:48] Successfully opened dynamic library libcurand.so.10
2021-05-03 20:37:07.437560: I tensorflow/stream_executor/platform/default/dso_loader.cc:48] Successfully opened dynamic library libcusolver.so.10
2021-05-03 20:37:07.437605: I tensorflow/stream_executor/platform/default/dso_loader.cc:48] Successfully opened dynamic library libcusparse.so.10
2021-05-03 20:37:07.437643: I tensorflow/stream_executor/platform/default/dso_loader.cc:48] Successfully opened dynamic library libcudnn.so.7
2021-05-03 20:37:07.443196: I tensorflow/core/common_runtime/gpu/gpu_device.cc:1858] Adding visible gpu devices: 0
2021-05-03 20:37:07.443273: I tensorflow/stream_executor/platform/default/dso_loader.cc:48] Successfully opened dynamic library libcudart.so.10.1
2021-05-03 20:37:08.016012: I tensorflow/core/common_runtime/gpu/gpu_device.cc:1257] Device interconnect StreamExecutor with strength 1 edge matrix:
2021-05-03 20:37:08.016061: I tensorflow/core/common_runtime/gpu/gpu_device.cc:1263]      0 
2021-05-03 20:37:08.016072: I tensorflow/core/common_runtime/gpu/gpu_device.cc:1276] 0:   N 
2021-05-03 20:37:08.018386: I tensorflow/core/common_runtime/gpu/gpu_device.cc:1402] Created TensorFlow device (/job:localhost/replica:0/task:0/device:GPU:0 with 13970 MB memory) -> physical GPU (device: 0, name: Tesla T4, pci bus id: 0000:3b:00.0, compute capability: 7.5)
2021-05-03 20:37:10.252244: I tensorflow/stream_executor/platform/default/dso_loader.cc:48] Successfully opened dynamic library libcublas.so.10
2021-05-03 20:37:10.503743: I tensorflow/stream_executor/platform/default/dso_loader.cc:48] Successfully opened dynamic library libcudnn.so.7
